<?xml version="1.0" encoding="UTF-8"?>
<!-- Generated by org.testng.reporters.JUnitReportReporter -->
<testsuite skipped="0" hostname="Lenovo" name="org.Provid.SeleniumDatas" tests="3" failures="0" timestamp="27 Dec 2022 06:18:29 GMT" time="86.380" errors="0">
  <testcase name="testCase" time="35.680" classname="org.Provid.SeleniumDatas"/>
  <testcase name="testCase" time="27.820" classname="org.Provid.SeleniumDatas"/>
  <testcase name="testCase" time="22.880" classname="org.Provid.SeleniumDatas"/>
</testsuite> <!-- org.Provid.SeleniumDatas -->
