<?xml version="1.0" encoding="UTF-8"?>
<!-- Generated by org.testng.reporters.JUnitReportReporter -->
<testsuite skipped="0" hostname="Lenovo" name="org.testnG.Company" tests="2" failures="0" timestamp="27 Dec 2022 04:28:37 GMT" time="0.034" errors="0">
  <testcase name="Tc1" time="0.030" classname="org.testnG.Company"/>
  <testcase name="Tc1" time="0.004" classname="org.testnG.Company"/>
</testsuite> <!-- org.testnG.Company -->
