<?xml version="1.0" encoding="UTF-8"?>
<!-- Generated by org.testng.reporters.JUnitReportReporter -->
<testsuite skipped="0" hostname="Lenovo" name="org.TestNgParrelel.Employee" tests="2" failures="0" timestamp="28 Dec 2022 14:00:02 GMT" time="0.102" errors="0">
  <testcase name="tc" time="0.015" classname="org.TestNgParrelel.Employee"/>
  <testcase name="tc" time="0.087" classname="org.TestNgParrelel.Employee"/>
</testsuite> <!-- org.TestNgParrelel.Employee -->
