<?xml version="1.0" encoding="UTF-8"?>
<!-- Generated by org.testng.reporters.JUnitReportReporter -->
<testsuite skipped="0" hostname="Lenovo" name="org.testnG.Employee" tests="3" failures="0" timestamp="27 Dec 2022 04:28:37 GMT" time="5.875" errors="0">
  <testcase name="sample" time="1.875" classname="org.testnG.Employee"/>
  <testcase name="sample" time="2.135" classname="org.testnG.Employee"/>
  <testcase name="sample" time="1.865" classname="org.testnG.Employee"/>
</testsuite> <!-- org.testnG.Employee -->
