<?xml version="1.0" encoding="UTF-8"?>
<!-- Generated by org.testng.reporters.JUnitReportReporter -->
<testsuite skipped="0" hostname="Lenovo" name="org.testnG.Company1" tests="2" failures="0" timestamp="27 Dec 2022 04:28:37 GMT" time="0.012" errors="0">
  <testcase name="tc" time="0.007" classname="org.testnG.Company1"/>
  <testcase name="tc" time="0.005" classname="org.testnG.Company1"/>
</testsuite> <!-- org.testnG.Company1 -->
