<?xml version="1.0" encoding="UTF-8"?>
<!-- Generated by org.testng.reporters.JUnitReportReporter -->
<testsuite skipped="0" hostname="Lenovo" name="org.Provid.Dataprovidermethod" tests="2" failures="0" timestamp="27 Dec 2022 04:50:12 GMT" time="0.201" errors="0">
  <testcase name="tc1" time="0.094" classname="org.Provid.Dataprovidermethod"/>
  <testcase name="tc1" time="0.107" classname="org.Provid.Dataprovidermethod"/>
</testsuite> <!-- org.Provid.Dataprovidermethod -->
